<?xml version="1.0" encoding="UTF-8"?>
<!-- Generated by org.testng.reporters.JUnitReportReporter -->
<testsuite hostname="JHANSI-PC" name="phantomjs.Phantomjs_Test" tests="1" failures="0" timestamp="20 Dec 2018 10:50:55 GMT" time="6.883" errors="0">
  <testcase name="Phantomjs" time="6.883" classname="phantomjs.Phantomjs_Test"/>
</testsuite> <!-- phantomjs.Phantomjs_Test -->
